<?xml version="1.0" encoding="UTF-8"?>
<!-- Generated by org.testng.reporters.JUnitReportReporter -->
<testsuite hostname="8F3XQT2" failures="0" tests="1" name="rough.show_collections" time="4.592" errors="0" timestamp="2023-06-08T12:52:28 IST" skipped="0">
  <testcase classname="rough.show_collections" name="getcollection" time="4.592"/>
  <system-out/>
</testsuite> <!-- rough.show_collections -->
