<?xml version="1.0" encoding="UTF-8"?>
<!-- Generated by org.testng.reporters.JUnitReportReporter -->
<testsuite hostname="8F3XQT2" failures="0" tests="1" name="show_collections" time="2.738" errors="0" timestamp="2023-09-11T10:55:51 IST" skipped="0">
  <testcase classname="show_collections" name="getcollection" time="2.738"/>
  <system-out/>
</testsuite> <!-- show_collections -->
