<?xml version="1.0" encoding="UTF-8"?>
<!-- Generated by org.testng.reporters.JUnitReportReporter -->
<testsuite hostname="8F3XQT2" failures="0" tests="1" name="get_all_subcategoris_for_category" time="0.094" errors="0" timestamp="2023-09-11T10:55:51 IST" skipped="0">
  <testcase classname="get_all_subcategoris_for_category" name="get_all_subcategoris_for_category" time="0.094"/>
  <system-out/>
</testsuite> <!-- get_all_subcategoris_for_category -->
