<?xml version="1.0" encoding="UTF-8"?>
<!-- Generated by org.testng.reporters.JUnitReportReporter -->
<testsuite hostname="8F3XQT2" failures="0" tests="2" name="login" time="2.434" errors="0" timestamp="2023-09-11T10:54:45 IST" skipped="1">
  <testcase classname="login" name="Login" time="2.434"/>
  <system-out/>
  <testcase classname="login" name="main">
    <skipped/>
  </testcase> <!-- main -->
  <system-out/>
</testsuite> <!-- login -->
