<?xml version="1.0" encoding="UTF-8"?>
<!-- Generated by org.testng.reporters.JUnitReportReporter -->
<testsuite hostname="8F3XQT2" failures="0" tests="2" name="rough.login" time="3.252" errors="0" timestamp="2023-10-25T13:09:43 IST" skipped="1">
  <testcase classname="rough.login" name="Login" time="3.252"/>
  <system-out/>
  <testcase classname="rough.login" name="main">
    <skipped/>
  </testcase> <!-- main -->
  <system-out/>
</testsuite> <!-- rough.login -->
