<?xml version="1.0" encoding="UTF-8"?>
<!-- Generated by org.testng.reporters.JUnitReportReporter -->
<testsuite hostname="8F3XQT2" failures="0" tests="1" name="rough.verifyOTP" time="4.978" errors="0" timestamp="2023-07-24T13:22:35 IST" skipped="0">
  <testcase classname="rough.verifyOTP" name="main" time="4.978"/>
  <system-out/>
</testsuite> <!-- rough.verifyOTP -->
