<?xml version="1.0" encoding="UTF-8"?>
<!-- Generated by org.testng.reporters.JUnitReportReporter -->
<testsuite hostname="8F3XQT2" failures="0" tests="1" name="Delete_item_for_cart" time="0.089" errors="0" timestamp="2023-09-11T10:55:51 IST" skipped="0">
  <testcase classname="Delete_item_for_cart" name="Delete_item_for_cart" time="0.089"/>
  <system-out/>
</testsuite> <!-- Delete_item_for_cart -->
