<?xml version="1.0" encoding="UTF-8"?>
<!-- Generated by org.testng.reporters.JUnitReportReporter -->
<testsuite hostname="8F3XQT2" failures="0" tests="1" name="id" time="0.226" errors="0" timestamp="2023-06-09T12:08:57 IST" skipped="0">
  <testcase classname="id" name="id" time="0.226"/>
  <system-out/>
</testsuite> <!-- id -->
