<?xml version="1.0" encoding="UTF-8"?>
<!-- Generated by org.testng.reporters.JUnitReportReporter -->
<testsuite hostname="8F3XQT2" failures="0" tests="1" name="Banners" time="0.164" errors="0" timestamp="2023-09-11T10:55:51 IST" skipped="0">
  <testcase classname="Banners" name="getBanners" time="0.164"/>
  <system-out/>
</testsuite> <!-- Banners -->
